Added Component: Designator=C?(C_CAN_TH_7.5MM_LEADS)
Add component. Clean all parameters for all variants
Add component (AddParameter): Name = "ESR"; Value = "40mOhm"; VariantName = "[No Variations]"
Add component (AddParameter): Name = "JLC Availability"; Value = "Extended"; VariantName = "[No Variations]"
Add component (AddParameter): Name = "LCSC Part #"; Value = "C441621"; VariantName = "[No Variations]"
Add component (AddParameter): Name = "Value"; Value = "100uF"; VariantName = "[No Variations]"
Add component (AddParameter): Name = "WVDC"; Value = "400"; VariantName = "[No Variations]"
Added Component: Designator=C?(C_CAN_TH_7.5MM_LEADS)
Add component. Clean all parameters for all variants
Add component (AddParameter): Name = "ESR"; Value = "40mOhm"; VariantName = "[No Variations]"
Add component (AddParameter): Name = "JLC Availability"; Value = "Extended"; VariantName = "[No Variations]"
Add component (AddParameter): Name = "LCSC Part #"; Value = "C441621"; VariantName = "[No Variations]"
Add component (AddParameter): Name = "Value"; Value = "100uF"; VariantName = "[No Variations]"
Add component (AddParameter): Name = "WVDC"; Value = "400"; VariantName = "[No Variations]"
Added Component: Designator=C?(C_CAN_TH_7.5MM_LEADS)
Add component. Clean all parameters for all variants
Add component (AddParameter): Name = "ESR"; Value = "40mOhm"; VariantName = "[No Variations]"
Add component (AddParameter): Name = "JLC Availability"; Value = "Extended"; VariantName = "[No Variations]"
Add component (AddParameter): Name = "LCSC Part #"; Value = "C441621"; VariantName = "[No Variations]"
Add component (AddParameter): Name = "Value"; Value = "100uF"; VariantName = "[No Variations]"
Add component (AddParameter): Name = "WVDC"; Value = "400"; VariantName = "[No Variations]"
Added Component: Designator=C?(C_CAN_TH_7.5MM_LEADS)
Add component. Clean all parameters for all variants
Add component (AddParameter): Name = "ESR"; Value = "40mOhm"; VariantName = "[No Variations]"
Add component (AddParameter): Name = "JLC Availability"; Value = "Extended"; VariantName = "[No Variations]"
Add component (AddParameter): Name = "LCSC Part #"; Value = "C441621"; VariantName = "[No Variations]"
Add component (AddParameter): Name = "Value"; Value = "100uF"; VariantName = "[No Variations]"
Add component (AddParameter): Name = "WVDC"; Value = "400"; VariantName = "[No Variations]"
Added Component: Designator=C?(C_CAN_TH_7.5MM_LEADS)
Add component. Clean all parameters for all variants
Add component (AddParameter): Name = "ESR"; Value = "40mOhm"; VariantName = "[No Variations]"
Add component (AddParameter): Name = "JLC Availability"; Value = "Extended"; VariantName = "[No Variations]"
Add component (AddParameter): Name = "LCSC Part #"; Value = "C441621"; VariantName = "[No Variations]"
Add component (AddParameter): Name = "Value"; Value = "100uF"; VariantName = "[No Variations]"
Add component (AddParameter): Name = "WVDC"; Value = "400"; VariantName = "[No Variations]"
Added Component: Designator=C?(C_CAN_TH_7.5MM_LEADS)
Add component. Clean all parameters for all variants
Add component (AddParameter): Name = "ESR"; Value = "40mOhm"; VariantName = "[No Variations]"
Add component (AddParameter): Name = "JLC Availability"; Value = "Extended"; VariantName = "[No Variations]"
Add component (AddParameter): Name = "LCSC Part #"; Value = "C441621"; VariantName = "[No Variations]"
Add component (AddParameter): Name = "Value"; Value = "100uF"; VariantName = "[No Variations]"
Add component (AddParameter): Name = "WVDC"; Value = "400"; VariantName = "[No Variations]"
Added Component: Designator=C?(C_CAN_TH_7.5MM_LEADS)
Add component. Clean all parameters for all variants
Add component (AddParameter): Name = "ESR"; Value = "40mOhm"; VariantName = "[No Variations]"
Add component (AddParameter): Name = "JLC Availability"; Value = "Extended"; VariantName = "[No Variations]"
Add component (AddParameter): Name = "LCSC Part #"; Value = "C441621"; VariantName = "[No Variations]"
Add component (AddParameter): Name = "Value"; Value = "100uF"; VariantName = "[No Variations]"
Add component (AddParameter): Name = "WVDC"; Value = "400"; VariantName = "[No Variations]"
Added Component: Designator=C?(C_CAN_TH_7.5MM_LEADS)
Add component. Clean all parameters for all variants
Add component (AddParameter): Name = "ESR"; Value = "40mOhm"; VariantName = "[No Variations]"
Add component (AddParameter): Name = "JLC Availability"; Value = "Extended"; VariantName = "[No Variations]"
Add component (AddParameter): Name = "LCSC Part #"; Value = "C441621"; VariantName = "[No Variations]"
Add component (AddParameter): Name = "Value"; Value = "100uF"; VariantName = "[No Variations]"
Add component (AddParameter): Name = "WVDC"; Value = "400"; VariantName = "[No Variations]"
Added Component: Designator=C?(C_CAN_TH_7.5MM_LEADS)
Add component. Clean all parameters for all variants
Add component (AddParameter): Name = "ESR"; Value = "40mOhm"; VariantName = "[No Variations]"
Add component (AddParameter): Name = "JLC Availability"; Value = "Extended"; VariantName = "[No Variations]"
Add component (AddParameter): Name = "LCSC Part #"; Value = "C441621"; VariantName = "[No Variations]"
Add component (AddParameter): Name = "Value"; Value = "100uF"; VariantName = "[No Variations]"
Add component (AddParameter): Name = "WVDC"; Value = "400"; VariantName = "[No Variations]"
Added Component: Designator=C?(C_CAN_TH_7.5MM_LEADS)
Add component. Clean all parameters for all variants
Add component (AddParameter): Name = "ESR"; Value = "40mOhm"; VariantName = "[No Variations]"
Add component (AddParameter): Name = "JLC Availability"; Value = "Extended"; VariantName = "[No Variations]"
Add component (AddParameter): Name = "LCSC Part #"; Value = "C441621"; VariantName = "[No Variations]"
Add component (AddParameter): Name = "Value"; Value = "100uF"; VariantName = "[No Variations]"
Add component (AddParameter): Name = "WVDC"; Value = "400"; VariantName = "[No Variations]"
Added Pin To Net: NetName=NetC?_1 Pin=C?-1
Added Pin To Net: NetName=NetC?_1 Pin=C?-2
Added Net: Name=NetC?_1
Added Pin To Net: NetName=NetC?_2 Pin=C?-2
Added Pin To Net: NetName=NetC?_2 Pin=C?-2
Added Pin To Net: NetName=NetC?_2 Pin=C?-2
Added Pin To Net: NetName=NetC?_2 Pin=C?-2
Added Pin To Net: NetName=NetC?_2 Pin=C?-2
Added Net: Name=NetC?_2
Added Class: Name=PULSECAPS
Added Room: Name=PULSECAPS
