Change Component Designator: OldDesignator=C8 NewDesignator=C9
Change Component Designator: OldDesignator=C9 NewDesignator=C10
Change Component Designator: OldDesignator=C10 NewDesignator=C8
Added Pin To Net: NetName=NetC11_1 Pin=C11-1
Added Pin To Net: NetName=NetC11_1 Pin=C12-1
Added Pin To Net: NetName=NetC11_1 Pin=C13-1
Added Pin To Net: NetName=NetC11_1 Pin=C14-1
Added Pin To Net: NetName=NetC11_1 Pin=C15-1
Added Pin To Net: NetName=NetC16_1 Pin=C16-1
Added Pin To Net: NetName=NetC11_1 Pin=C16-2
Added Pin To Net: NetName=NetC16_1 Pin=C17-1
Added Pin To Net: NetName=NetC11_1 Pin=C17-2
Added Pin To Net: NetName=NetC16_1 Pin=C18-1
Added Pin To Net: NetName=NetC11_1 Pin=C18-2
Added Pin To Net: NetName=NetC16_1 Pin=C19-1
Added Pin To Net: NetName=NetC11_1 Pin=C19-2
Added Pin To Net: NetName=NetC16_1 Pin=C20-1
Added Pin To Net: NetName=NetC11_1 Pin=C20-2
Added Pin To Net: NetName=NetC21_1 Pin=C21-1
Added Pin To Net: NetName=NetC21_1 Pin=C22-1
Added Pin To Net: NetName=NetC21_1 Pin=C23-1
Added Pin To Net: NetName=NetC21_1 Pin=C24-1
Added Pin To Net: NetName=NetC21_1 Pin=C25-1
Added Pin To Net: NetName=NetC26_1 Pin=C26-1
Added Pin To Net: NetName=NetC21_1 Pin=C26-2
Added Pin To Net: NetName=NetC26_1 Pin=C27-1
Added Pin To Net: NetName=NetC21_1 Pin=C27-2
Added Pin To Net: NetName=NetC26_1 Pin=C28-1
Added Pin To Net: NetName=NetC21_1 Pin=C28-2
Added Pin To Net: NetName=NetC26_1 Pin=C29-1
Added Pin To Net: NetName=NetC21_1 Pin=C29-2
Added Pin To Net: NetName=NetC26_1 Pin=C30-1
Added Pin To Net: NetName=NetC21_1 Pin=C30-2
Added Pin To Net: NetName=NetC31_1 Pin=C31-1
Added Pin To Net: NetName=NetC31_1 Pin=C32-1
Added Pin To Net: NetName=NetC31_1 Pin=C33-1
Added Pin To Net: NetName=NetC31_1 Pin=C34-1
Added Pin To Net: NetName=NetC31_1 Pin=C35-1
Added Pin To Net: NetName=NetC36_1 Pin=C36-1
Added Pin To Net: NetName=NetC31_1 Pin=C36-2
Added Pin To Net: NetName=NetC36_1 Pin=C37-1
Added Pin To Net: NetName=NetC31_1 Pin=C37-2
Added Pin To Net: NetName=NetC36_1 Pin=C38-1
Added Pin To Net: NetName=NetC31_1 Pin=C38-2
Added Pin To Net: NetName=NetC36_1 Pin=C39-1
Added Pin To Net: NetName=NetC31_1 Pin=C39-2
Added Pin To Net: NetName=NetC36_1 Pin=C40-1
Added Pin To Net: NetName=NetC31_1 Pin=C40-2
Added Pin To Net: NetName=NetC41_1 Pin=C41-1
Added Pin To Net: NetName=NetC41_1 Pin=C42-1
Added Pin To Net: NetName=NetC41_1 Pin=C43-1
Added Pin To Net: NetName=NetC41_1 Pin=C44-1
Added Pin To Net: NetName=NetC41_1 Pin=C45-1
Added Pin To Net: NetName=NetC46_1 Pin=C46-1
Added Pin To Net: NetName=NetC41_1 Pin=C46-2
Added Pin To Net: NetName=NetC46_1 Pin=C47-1
Added Pin To Net: NetName=NetC41_1 Pin=C47-2
Added Pin To Net: NetName=NetC46_1 Pin=C48-1
Added Pin To Net: NetName=NetC41_1 Pin=C48-2
Added Pin To Net: NetName=NetC46_1 Pin=C49-1
Added Pin To Net: NetName=NetC41_1 Pin=C49-2
Added Pin To Net: NetName=NetC46_1 Pin=C50-1
Added Pin To Net: NetName=NetC41_1 Pin=C50-2
Added Pin To Net: NetName=NetC16_1 Pin=J3-1
Added Pin To Net: NetName=NetC16_1 Pin=J3-1
Added Pin To Net: NetName=NetC26_1 Pin=J5-1
Added Pin To Net: NetName=NetC26_1 Pin=J5-1
Added Pin To Net: NetName=NetC36_1 Pin=J7-1
Added Pin To Net: NetName=NetC36_1 Pin=J7-1
Added Pin To Net: NetName=NetC46_1 Pin=J9-1
Added Pin To Net: NetName=NetC46_1 Pin=J9-1
Added Pin To Net: NetName=NetR7_1 Pin=R7-1
Added Pin To Net: NetName=NetR8_1 Pin=R8-1
Added Pin To Net: NetName=NetR7_1 Pin=R8-2
Added Pin To Net: NetName=NetC11_1 Pin=R9-1
Added Pin To Net: NetName=NetR8_1 Pin=R9-2
Added Pin To Net: NetName=NetR10_1 Pin=R10-1
Added Pin To Net: NetName=NetC11_1 Pin=R10-2
Added Pin To Net: NetName=NetR11_1 Pin=R11-1
Added Pin To Net: NetName=NetR10_1 Pin=R11-2
Added Pin To Net: NetName=NetC16_1 Pin=R12-1
Added Pin To Net: NetName=NetR11_1 Pin=R12-2
Added Pin To Net: NetName=NetR13_1 Pin=R13-1
Added Pin To Net: NetName=NetR14_1 Pin=R14-1
Added Pin To Net: NetName=NetR13_1 Pin=R14-2
Added Pin To Net: NetName=NetC21_1 Pin=R15-1
Added Pin To Net: NetName=NetR14_1 Pin=R15-2
Added Pin To Net: NetName=NetR16_1 Pin=R16-1
Added Pin To Net: NetName=NetC21_1 Pin=R16-2
Added Pin To Net: NetName=NetR17_1 Pin=R17-1
Added Pin To Net: NetName=NetR16_1 Pin=R17-2
Added Pin To Net: NetName=NetC26_1 Pin=R18-1
Added Pin To Net: NetName=NetR17_1 Pin=R18-2
Added Pin To Net: NetName=NetR19_1 Pin=R19-1
Added Pin To Net: NetName=NetR20_1 Pin=R20-1
Added Pin To Net: NetName=NetR19_1 Pin=R20-2
Added Pin To Net: NetName=NetC31_1 Pin=R21-1
Added Pin To Net: NetName=NetR20_1 Pin=R21-2
Added Pin To Net: NetName=NetR22_1 Pin=R22-1
Added Pin To Net: NetName=NetC31_1 Pin=R22-2
Added Pin To Net: NetName=NetR23_1 Pin=R23-1
Added Pin To Net: NetName=NetR22_1 Pin=R23-2
Added Pin To Net: NetName=NetC36_1 Pin=R24-1
Added Pin To Net: NetName=NetR23_1 Pin=R24-2
Added Pin To Net: NetName=NetR25_1 Pin=R25-1
Added Pin To Net: NetName=NetR26_1 Pin=R26-1
Added Pin To Net: NetName=NetR25_1 Pin=R26-2
Added Pin To Net: NetName=NetC41_1 Pin=R27-1
Added Pin To Net: NetName=NetR26_1 Pin=R27-2
Added Pin To Net: NetName=NetR28_1 Pin=R28-1
Added Pin To Net: NetName=NetC41_1 Pin=R28-2
Added Pin To Net: NetName=NetR29_1 Pin=R29-1
Added Pin To Net: NetName=NetR28_1 Pin=R29-2
Added Pin To Net: NetName=NetC46_1 Pin=R30-1
Added Pin To Net: NetName=NetR29_1 Pin=R30-2
Added Member To Class: ClassName=PULSECAPS Member=Component C11 400BXW100MEFR16X30
Added Member To Class: ClassName=PULSECAPS Member=Component C12 400BXW100MEFR16X30
Added Member To Class: ClassName=PULSECAPS Member=Component C13 400BXW100MEFR16X30
Added Member To Class: ClassName=PULSECAPS Member=Component C14 400BXW100MEFR16X30
Added Member To Class: ClassName=PULSECAPS Member=Component C15 400BXW100MEFR16X30
Added Member To Class: ClassName=PULSECAPS Member=Component C16 400BXW100MEFR16X30
Added Member To Class: ClassName=PULSECAPS Member=Component C17 400BXW100MEFR16X30
Added Member To Class: ClassName=PULSECAPS Member=Component C18 400BXW100MEFR16X30
Added Member To Class: ClassName=PULSECAPS Member=Component C19 400BXW100MEFR16X30
Added Member To Class: ClassName=PULSECAPS Member=Component C20 400BXW100MEFR16X30
Added Member To Class: ClassName=PULSECAPS Member=Component C21 400BXW100MEFR16X30
Added Member To Class: ClassName=PULSECAPS Member=Component C22 400BXW100MEFR16X30
Added Member To Class: ClassName=PULSECAPS Member=Component C23 400BXW100MEFR16X30
Added Member To Class: ClassName=PULSECAPS Member=Component C24 400BXW100MEFR16X30
Added Member To Class: ClassName=PULSECAPS Member=Component C25 400BXW100MEFR16X30
Added Member To Class: ClassName=PULSECAPS Member=Component C26 400BXW100MEFR16X30
Added Member To Class: ClassName=PULSECAPS Member=Component C27 400BXW100MEFR16X30
Added Member To Class: ClassName=PULSECAPS Member=Component C28 400BXW100MEFR16X30
Added Member To Class: ClassName=PULSECAPS Member=Component C29 400BXW100MEFR16X30
Added Member To Class: ClassName=PULSECAPS Member=Component C30 400BXW100MEFR16X30
Added Member To Class: ClassName=PULSECAPS Member=Component C31 400BXW100MEFR16X30
Added Member To Class: ClassName=PULSECAPS Member=Component C32 400BXW100MEFR16X30
Added Member To Class: ClassName=PULSECAPS Member=Component C33 400BXW100MEFR16X30
Added Member To Class: ClassName=PULSECAPS Member=Component C34 400BXW100MEFR16X30
Added Member To Class: ClassName=PULSECAPS Member=Component C35 400BXW100MEFR16X30
Added Member To Class: ClassName=PULSECAPS Member=Component C36 400BXW100MEFR16X30
Added Member To Class: ClassName=PULSECAPS Member=Component C37 400BXW100MEFR16X30
Added Member To Class: ClassName=PULSECAPS Member=Component C38 400BXW100MEFR16X30
Added Member To Class: ClassName=PULSECAPS Member=Component C39 400BXW100MEFR16X30
Added Member To Class: ClassName=PULSECAPS Member=Component C40 400BXW100MEFR16X30
Added Member To Class: ClassName=PULSECAPS Member=Component C41 400BXW100MEFR16X30
Added Member To Class: ClassName=PULSECAPS Member=Component C42 400BXW100MEFR16X30
Added Member To Class: ClassName=PULSECAPS Member=Component C43 400BXW100MEFR16X30
Added Member To Class: ClassName=PULSECAPS Member=Component C44 400BXW100MEFR16X30
Added Member To Class: ClassName=PULSECAPS Member=Component C45 400BXW100MEFR16X30
Added Member To Class: ClassName=PULSECAPS Member=Component C46 400BXW100MEFR16X30
Added Member To Class: ClassName=PULSECAPS Member=Component C47 400BXW100MEFR16X30
Added Member To Class: ClassName=PULSECAPS Member=Component C48 400BXW100MEFR16X30
Added Member To Class: ClassName=PULSECAPS Member=Component C49 400BXW100MEFR16X30
Added Member To Class: ClassName=PULSECAPS Member=Component C50 400BXW100MEFR16X30
Added Member To Class: ClassName=PULSECAPS Member=Component J3 LS-601
Added Member To Class: ClassName=PULSECAPS Member=Component J4 LS-601
Added Member To Class: ClassName=PULSECAPS Member=Component J5 LS-601
Added Member To Class: ClassName=PULSECAPS Member=Component J6 LS-601
Added Member To Class: ClassName=PULSECAPS Member=Component J7 LS-601
Added Member To Class: ClassName=PULSECAPS Member=Component J8 LS-601
Added Member To Class: ClassName=PULSECAPS Member=Component J9 LS-601
Added Member To Class: ClassName=PULSECAPS Member=Component J10 LS-601
Added Member To Class: ClassName=PULSECAPS Member=Component R7 1206W4F1003T5E
Added Member To Class: ClassName=PULSECAPS Member=Component R8 1206W4F1003T5E
Added Member To Class: ClassName=PULSECAPS Member=Component R9 1206W4F1003T5E
Added Member To Class: ClassName=PULSECAPS Member=Component R10 1206W4F1003T5E
Added Member To Class: ClassName=PULSECAPS Member=Component R11 1206W4F1003T5E
Added Member To Class: ClassName=PULSECAPS Member=Component R12 1206W4F1003T5E
Added Member To Class: ClassName=PULSECAPS Member=Component R13 1206W4F1003T5E
Added Member To Class: ClassName=PULSECAPS Member=Component R14 1206W4F1003T5E
Added Member To Class: ClassName=PULSECAPS Member=Component R15 1206W4F1003T5E
Added Member To Class: ClassName=PULSECAPS Member=Component R16 1206W4F1003T5E
Added Member To Class: ClassName=PULSECAPS Member=Component R17 1206W4F1003T5E
Added Member To Class: ClassName=PULSECAPS Member=Component R18 1206W4F1003T5E
Added Member To Class: ClassName=PULSECAPS Member=Component R19 1206W4F1003T5E
Added Member To Class: ClassName=PULSECAPS Member=Component R20 1206W4F1003T5E
Added Member To Class: ClassName=PULSECAPS Member=Component R21 1206W4F1003T5E
Added Member To Class: ClassName=PULSECAPS Member=Component R22 1206W4F1003T5E
Added Member To Class: ClassName=PULSECAPS Member=Component R23 1206W4F1003T5E
Added Member To Class: ClassName=PULSECAPS Member=Component R24 1206W4F1003T5E
Added Member To Class: ClassName=PULSECAPS Member=Component R25 1206W4F1003T5E
Added Member To Class: ClassName=PULSECAPS Member=Component R26 1206W4F1003T5E
Added Member To Class: ClassName=PULSECAPS Member=Component R27 1206W4F1003T5E
Added Member To Class: ClassName=PULSECAPS Member=Component R28 1206W4F1003T5E
Added Member To Class: ClassName=PULSECAPS Member=Component R29 1206W4F1003T5E
Added Member To Class: ClassName=PULSECAPS Member=Component R30 1206W4F1003T5E
