Change Component Designator: OldDesignator=C? NewDesignator=C1
Change Component Designator: OldDesignator=C? NewDesignator=C2
Change Component Designator: OldDesignator=C? NewDesignator=C3
Change Component Designator: OldDesignator=C? NewDesignator=C4
Change Component Designator: OldDesignator=C? NewDesignator=C5
Change Component Designator: OldDesignator=C? NewDesignator=C6
Change Component Designator: OldDesignator=C? NewDesignator=C7
Change Component Designator: OldDesignator=C? NewDesignator=C8
Change Component Designator: OldDesignator=C? NewDesignator=C9
Change Component Designator: OldDesignator=C? NewDesignator=C10
Change Net Name : Old Net Name=NetC?_1 New Net Name=NetC4_1
Change Net Name : Old Net Name=NetC?_2 New Net Name=NetC1_2
Added Pin To Net: NetName=NetC1_1 Pin=C1-1
Added Pin To Net: NetName=NetC1_1 Pin=C5-1
Added Pin To Net: NetName=NetC1_1 Pin=C6-2
Added Pin To Net: NetName=NetC1_1 Pin=C10-2
Added Net: Name=NetC1_1
Added Pin To Net: NetName=NetC2_1 Pin=C2-1
Added Pin To Net: NetName=NetC2_1 Pin=C7-2
Added Net: Name=NetC2_1
Added Pin To Net: NetName=NetC3_1 Pin=C3-1
Added Pin To Net: NetName=NetC3_1 Pin=C8-2
Added Net: Name=NetC3_1
Added Pin To Net: NetName=NetC6_1 Pin=C6-1
Added Pin To Net: NetName=NetC6_1 Pin=C7-1
Added Pin To Net: NetName=NetC6_1 Pin=C8-1
Added Pin To Net: NetName=NetC6_1 Pin=C9-1
Added Pin To Net: NetName=NetC6_1 Pin=C10-1
Added Net: Name=NetC6_1
Added Member To Class: ClassName=PULSECAPS Member=Component C1 400BXW100MEFR16X30
Added Member To Class: ClassName=PULSECAPS Member=Component C2 400BXW100MEFR16X30
Added Member To Class: ClassName=PULSECAPS Member=Component C3 400BXW100MEFR16X30
Added Member To Class: ClassName=PULSECAPS Member=Component C4 400BXW100MEFR16X30
Added Member To Class: ClassName=PULSECAPS Member=Component C6 400BXW100MEFR16X30
Added Member To Class: ClassName=PULSECAPS Member=Component C7 400BXW100MEFR16X30
Added Member To Class: ClassName=PULSECAPS Member=Component C8 400BXW100MEFR16X30
Added Member To Class: ClassName=PULSECAPS Member=Component C9 400BXW100MEFR16X30
Added Member To Class: ClassName=PULSECAPS Member=Component C10 400BXW100MEFR16X30
